Started GET "/articles" for 127.0.0.1 at 2022-07-12 13:31:47 +0530
  [1m[35m (7.2ms)[0m  [1m[34mSELECT sqlite_version(*)[0m
  
ActionController::RoutingError (No route matches [GET] "/articles"):
  
Started GET "/articles" for 127.0.0.1 at 2022-07-12 13:31:48 +0530
  
ActionController::RoutingError (No route matches [GET] "/articles"):
  
Started GET "/articles" for 127.0.0.1 at 2022-07-12 13:32:46 +0530
  [1m[35m (0.3ms)[0m  [1m[34mSELECT sqlite_version(*)[0m
  
ActionController::RoutingError (No route matches [GET] "/articles"):
  
Started GET "/articles" for 127.0.0.1 at 2022-07-12 13:32:47 +0530
  
ActionController::RoutingError (No route matches [GET] "/articles"):
  
Started GET "/articles" for 127.0.0.1 at 2022-07-12 13:32:48 +0530
  
ActionController::RoutingError (No route matches [GET] "/articles"):
  
Started GET "/articles" for 127.0.0.1 at 2022-07-12 13:33:31 +0530
  
ActionController::RoutingError (uninitialized constant ArticlesController

      Object.const_get(camel_cased_word)
            ^^^^^^^^^^
Did you mean?  AbstractController

            raise MissingController.new(error.message, error.name)
            ^^^^^):
  
Started GET "/articles" for 127.0.0.1 at 2022-07-12 13:33:32 +0530
  
ActionController::RoutingError (uninitialized constant ArticlesController

      Object.const_get(camel_cased_word)
            ^^^^^^^^^^
Did you mean?  AbstractController

            raise MissingController.new(error.message, error.name)
            ^^^^^):
  
Started GET "/articles" for 127.0.0.1 at 2022-07-12 13:34:08 +0530
Processing by ArticlesController#index as HTML
  Rendering layout layouts/application.html.erb
  Rendering articles/index.html.erb within layouts/application
  Rendered articles/index.html.erb within layouts/application (Duration: 0.6ms | Allocations: 151)
  Rendered layout layouts/application.html.erb (Duration: 179.5ms | Allocations: 95621)
Completed 200 OK in 186ms (Views: 181.5ms | Allocations: 98308)


Started GET "/" for 127.0.0.1 at 2022-07-12 13:41:03 +0530
Processing by Rails::WelcomeController#index as HTML
  Rendering /home/punithrjgs/.rvm/gems/ruby-3.1.2/gems/railties-7.0.3/lib/rails/templates/rails/welcome/index.html.erb
  Rendered /home/punithrjgs/.rvm/gems/ruby-3.1.2/gems/railties-7.0.3/lib/rails/templates/rails/welcome/index.html.erb (Duration: 0.9ms | Allocations: 330)
Completed 200 OK in 3ms (Views: 2.0ms | Allocations: 1126)


Started GET "/articles" for 127.0.0.1 at 2022-07-12 13:41:10 +0530
Processing by ArticlesController#index as HTML
  Rendering layout layouts/application.html.erb
  Rendering articles/index.html.erb within layouts/application
  Rendered articles/index.html.erb within layouts/application (Duration: 0.4ms | Allocations: 149)
  Rendered layout layouts/application.html.erb (Duration: 3.5ms | Allocations: 3012)
Completed 200 OK in 5ms (Views: 4.8ms | Allocations: 3875)


Started GET "/" for 127.0.0.1 at 2022-07-12 14:45:57 +0530
Processing by Rails::WelcomeController#index as HTML
  Rendering /home/punithrjgs/.rvm/gems/ruby-3.1.2/gems/railties-7.0.3/lib/rails/templates/rails/welcome/index.html.erb
  Rendered /home/punithrjgs/.rvm/gems/ruby-3.1.2/gems/railties-7.0.3/lib/rails/templates/rails/welcome/index.html.erb (Duration: 0.7ms | Allocations: 320)
Completed 200 OK in 2ms (Views: 1.6ms | Allocations: 927)


  [1m[35m (0.3ms)[0m  [1m[34mSELECT sqlite_version(*)[0m
  [1m[35m (3.2ms)[0m  [1m[35mCREATE TABLE "schema_migrations" ("version" varchar NOT NULL PRIMARY KEY)[0m
  [1m[35m (3.3ms)[0m  [1m[35mCREATE TABLE "ar_internal_metadata" ("key" varchar NOT NULL PRIMARY KEY, "value" varchar, "created_at" datetime(6) NOT NULL, "updated_at" datetime(6) NOT NULL)[0m
  [1m[36mActiveRecord::SchemaMigration Pluck (0.1ms)[0m  [1m[34mSELECT "schema_migrations"."version" FROM "schema_migrations" ORDER BY "schema_migrations"."version" ASC[0m
Migrating to CreateArticles (20220712095512)
  [1m[36mTRANSACTION (0.0ms)[0m  [1m[36mbegin transaction[0m
  [1m[35m (0.3ms)[0m  [1m[35mCREATE TABLE "articles" ("id" integer PRIMARY KEY AUTOINCREMENT NOT NULL, "title" varchar, "body" text, "created_at" datetime(6) NOT NULL, "updated_at" datetime(6) NOT NULL)[0m
  [1m[36mActiveRecord::SchemaMigration Create (0.1ms)[0m  [1m[32mINSERT INTO "schema_migrations" ("version") VALUES (?)[0m  [["version", "20220712095512"]]
  [1m[36mTRANSACTION (3.2ms)[0m  [1m[36mcommit transaction[0m
  [1m[36mActiveRecord::InternalMetadata Load (0.1ms)[0m  [1m[34mSELECT "ar_internal_metadata".* FROM "ar_internal_metadata" WHERE "ar_internal_metadata"."key" = ? LIMIT ?[0m  [["key", "environment"], ["LIMIT", 1]]
  [1m[36mTRANSACTION (0.0ms)[0m  [1m[36mbegin transaction[0m
  [1m[36mActiveRecord::InternalMetadata Create (0.2ms)[0m  [1m[32mINSERT INTO "ar_internal_metadata" ("key", "value", "created_at", "updated_at") VALUES (?, ?, ?, ?)[0m  [["key", "environment"], ["value", "development"], ["created_at", "2022-07-12 10:01:37.110648"], ["updated_at", "2022-07-12 10:01:37.110648"]]
  [1m[36mTRANSACTION (2.1ms)[0m  [1m[36mcommit transaction[0m
  [1m[35m (0.0ms)[0m  [1m[34mSELECT sqlite_version(*)[0m
  [1m[36mActiveRecord::SchemaMigration Pluck (0.2ms)[0m  [1m[34mSELECT "schema_migrations"."version" FROM "schema_migrations" ORDER BY "schema_migrations"."version" ASC[0m
  [1m[35m (0.8ms)[0m  [1m[34mSELECT sqlite_version(*)[0m
  [1m[36mTRANSACTION (0.0ms)[0m  [1m[36mbegin transaction[0m
  [1m[36mArticle Create (0.2ms)[0m  [1m[32mINSERT INTO "articles" ("title", "body", "created_at", "updated_at") VALUES (?, ?, ?, ?)[0m  [["title", "Hello rails"], ["body", "I am on Rails!"], ["created_at", "2022-07-12 10:03:33.825893"], ["updated_at", "2022-07-12 10:03:33.825893"]]
  [1m[36mTRANSACTION (8.4ms)[0m  [1m[36mcommit transaction[0m
  [1m[35m (0.7ms)[0m  [1m[34mSELECT sqlite_version(*)[0m
  [1m[36mArticle Load (0.3ms)[0m  [1m[34mSELECT "articles".* FROM "articles" WHERE "articles"."id" = ? LIMIT ?[0m  [["id", 1], ["LIMIT", 1]]
  [1m[36mArticle Load (0.2ms)[0m  [1m[34mSELECT "articles".* FROM "articles" WHERE "articles"."id" = ? LIMIT ?[0m  [["id", 2], ["LIMIT", 1]]
  [1m[36mArticle Load (0.1ms)[0m  [1m[34mSELECT "articles".* FROM "articles" WHERE "articles"."id" = ? LIMIT ?[0m  [["id", 3], ["LIMIT", 1]]
  [1m[36mArticle Load (0.1ms)[0m  [1m[34mSELECT "articles".* FROM "articles" WHERE "articles"."id" = ? LIMIT ?[0m  [["id", 1], ["LIMIT", 1]]
  [1m[36mArticle Load (0.2ms)[0m  [1m[34mSELECT "articles".* FROM "articles"[0m
  [1m[35m (0.9ms)[0m  [1m[34mSELECT sqlite_version(*)[0m
  [1m[36mTRANSACTION (0.1ms)[0m  [1m[36mbegin transaction[0m
  [1m[36mArticle Create (0.3ms)[0m  [1m[32mINSERT INTO "articles" ("title", "body", "created_at", "updated_at") VALUES (?, ?, ?, ?)[0m  [["title", "asdkn"], ["body", "asdkjanskdn"], ["created_at", "2022-07-12 10:07:04.140088"], ["updated_at", "2022-07-12 10:07:04.140088"]]
  [1m[36mTRANSACTION (7.3ms)[0m  [1m[36mcommit transaction[0m
  [1m[36mArticle Load (0.3ms)[0m  [1m[34mSELECT "articles".* FROM "articles"[0m
  [1m[35m (0.9ms)[0m  [1m[34mSELECT sqlite_version(*)[0m
  [1m[36mArticle Load (0.2ms)[0m  [1m[34mSELECT "articles".* FROM "articles"[0m
Started GET "/" for 127.0.0.1 at 2022-07-12 16:00:15 +0530
  [1m[35m (0.3ms)[0m  [1m[34mSELECT sqlite_version(*)[0m
  [1m[36mActiveRecord::SchemaMigration Pluck (0.4ms)[0m  [1m[34mSELECT "schema_migrations"."version" FROM "schema_migrations" ORDER BY "schema_migrations"."version" ASC[0m
Processing by Rails::WelcomeController#index as HTML
  Rendering /home/punithrjgs/.rvm/gems/ruby-3.1.2/gems/railties-7.0.3/lib/rails/templates/rails/welcome/index.html.erb
  Rendered /home/punithrjgs/.rvm/gems/ruby-3.1.2/gems/railties-7.0.3/lib/rails/templates/rails/welcome/index.html.erb (Duration: 0.7ms | Allocations: 544)
Completed 200 OK in 5ms (Views: 2.0ms | ActiveRecord: 0.0ms | Allocations: 3777)


Started GET "/articles" for 127.0.0.1 at 2022-07-12 16:00:18 +0530
Processing by ArticlesController#index as HTML
  Rendering layout layouts/application.html.erb
  Rendering articles/index.html.erb within layouts/application
  [1m[36mArticle Load (0.1ms)[0m  [1m[34mSELECT "articles".* FROM "articles"[0m
  ↳ app/views/articles/index.html.erb:7
  Rendered articles/index.html.erb within layouts/application (Duration: 6.3ms | Allocations: 4586)
  Rendered layout layouts/application.html.erb (Duration: 43.6ms | Allocations: 40184)
Completed 200 OK in 52ms (Views: 44.2ms | ActiveRecord: 0.4ms | Allocations: 41974)


